===========================================
PRIMENG + TAILWIND MIGRATION - COORDINATION LOG
===========================================
Session Started: 2025-10-03
Coordinator: MIGRATION COORDINATOR AGENT
Project: TableTap (table-tap)

===========================================
INITIAL ASSESSMENT
===========================================

DEPENDENCIES STATUS:
✅ PrimeNG v20.2.0 - INSTALLED
✅ Tailwind CSS v4.1.13 - INSTALLED
✅ tailwindcss-primeui v0.6.1 - INSTALLED
✅ @primeuix/themes v1.2.3 - INSTALLED

COMPONENT INVENTORY:
📊 Total SCSS Files: 40
📊 Total HTML Templates: 5
❌ Build Status: FAILING (13 files exceeding 4KB budget)

CRITICAL BUDGET-EXCEEDING FILES (13):
1. libs/frontend/modules/menu/src/lib/components/menu-display.component.scss (12.15 kB - over by 8.15 kB)
2. libs/frontend/modules/menu/src/lib/components/menu-item-detail.component.scss (15.46 kB - over by 11.46 kB)
3. libs/frontend/modules/admin/src/lib/components/analytics/analytics-dashboard.component.scss (10.61 kB - over by 6.61 kB)
4. libs/frontend/modules/admin/src/lib/components/inventory/inventory-management.component.scss (10.33 kB - over by 6.33 kB)
5. libs/frontend/modules/admin/src/lib/components/orders/order-management.component.scss (9.63 kB - over by 5.63 kB)
6. libs/frontend/modules/admin/src/lib/components/dashboard/admin-dashboard.component.scss (8.57 kB - over by 4.57 kB)
7. libs/frontend/modules/order/src/lib/components/order-tracking/order-tracking.component.scss (8.78 kB - over by 4.78 kB)
8. libs/frontend/modules/admin/src/lib/components/employees/employee-management.component.scss (7.96 kB - over by 3.96 kB)
9. libs/frontend/components/shell/src/shell.component.scss (6.61 kB - over by 2.61 kB)
10. libs/frontend/modules/order/src/lib/components/order-confirmation/order-confirmation.component.scss (6.77 kB - over by 2.77 kB)
11. libs/frontend/modules/admin/src/lib/components/dashboard/admin-shell.component.scss (5.89 kB - over by 1.90 kB)
12. libs/frontend/modules/order/src/lib/components/order-checkout/order-checkout.component.scss (5.83 kB - over by 1.83 kB)
13. libs/frontend/modules/order/src/lib/components/payment-method-selector/payment-method-selector.component.scss (5.57 kB - over by 1.57 kB)

===========================================
MIGRATION STRATEGY
===========================================

PHASE 1: CRITICAL BUDGET FIXES (Priority: CRITICAL)
Target: Fix 13 budget-exceeding files
Strategy: Convert custom SCSS to Tailwind utilities
Expected Reduction: 60-80% file size reduction
Timeline: Immediate

PHASE 2: REMAINING SCSS MIGRATION (Priority: HIGH)
Target: 27 remaining SCSS files
Strategy: Systematic migration to Tailwind
Timeline: After Phase 1

PHASE 3: HTML TEMPLATE ENHANCEMENT (Priority: MEDIUM)
Target: 5 HTML templates
Strategy: Add PrimeNG components + Tailwind classes
Timeline: After Phase 2

PHASE 4: QUALITY ASSURANCE (Priority: HIGH)
Target: Build verification + visual testing
Strategy: Comprehensive testing across devices
Timeline: After Phase 3

===========================================
AGENT COORDINATION PLAN
===========================================

RECOMMENDED SWARM TOPOLOGY: Hierarchical
RECOMMENDED AGENT COUNT: 6-8 agents
STRATEGY: Parallel execution with file-locking

AGENT ROLES:
1. ARCHITECT - Analyze SCSS patterns, create migration templates
2. CODER-1 (PrimeNG) - Apply PrimeNG color palette
3. CODER-2 (Tailwind) - Convert SCSS to Tailwind utilities
4. CODER-3 (HTML) - Update HTML templates
5. TESTER - Verify build, test responsiveness
6. REVIEWER - Quality assurance, visual regression testing
7. COORDINATOR (this agent) - Orchestration and conflict resolution

FILE LOCKING STRATEGY:
- Critical files (13) assigned to CODER-2 first
- Remaining files distributed across agents
- No two agents work on same file simultaneously
- Coordination via memory and this log

===========================================
SUCCESS METRICS
===========================================

BUILD METRICS:
✅ All SCSS files under 4KB budget
✅ Build passes without errors
✅ Bundle size reduction of 20%+

MIGRATION METRICS:
✅ 40 SCSS files migrated
✅ 5 HTML templates enhanced
✅ PrimeNG color palette integrated
✅ Tailwind utility classes applied

QUALITY METRICS:
✅ No visual regressions
✅ Responsive design maintained
✅ Accessibility preserved
✅ Performance improved

===========================================
SESSION LOG
===========================================

[2025-10-03 - INIT] Migration coordinator initialized
[2025-10-03 - INIT] Todo list created with 10 tasks
[2025-10-03 - INIT] Coordination strategy defined
[2025-10-03 - READY] Ready to spawn agent swarm

===========================================
NEXT STEPS
===========================================

1. Spawn agent swarm (6-8 agents)
2. Assign critical files to agents
3. Begin parallel migration
4. Monitor progress every 5 components
5. Update user on milestones

===========================================
